<?xml version="1.0" encoding="UTF-8"?>
<!-- Generated by org.testng.reporters.JUnitXMLReporter -->
<testsuite hostname="LAPTOP-IF9KORVJ" ignored="0" name="Default test" tests="5" failures="0" timestamp="07 Oct 2019 09:24:05 GMT" time="71.59" errors="0">
  <testcase name="CheckRememberme" time="2.138" classname="PageobmodelTestcases.AutomationTest"/>
  <testcase name="TestForgotpwdlink" time="0.309" classname="PageobmodelTestcases.AutomationTest"/>
  <testcase name="verifyLoginErrormsg" time="1.318" classname="PageobmodelTestcases.AutomationTest"/>
  <testcase name="SalesforceLogoImgTest" time="0.059" classname="PageobmodelTestcases.AutomationTest"/>
  <testcase name="ValidLoginTest" time="1.941" classname="PageobmodelTestcases.AutomationTest"/>
</testsuite> <!-- Default test -->
